<?xml version="1.0" encoding="UTF-8"?>
<!-- Generated by org.testng.reporters.JUnitReportReporter -->
<testsuite skipped="0" hostname="DESKTOP-9LRRM7S" name="org.run.Runner" tests="1" failures="0" timestamp="09 Aug 2022 06:44:57 GMT" time="6.969" errors="0">
  <testcase name="tc1" time="6.969" classname="org.run.Runner"/>
</testsuite> <!-- org.run.Runner -->
